build/app/intermediates/manifest_merge_blame_file/debug/manifest-merger-blame-debug-report.txt
1<?xml version="1.0" encoding="utf-8"?>
2<manifest xmlns:android="http://schemas.android.com/apk/res/android"
3    package="com.example.insight3"
4    android:versionCode="1"
5    android:versionName="1.0.0" >
6    <!--
7 io.flutter.app.FlutterApplication is an android.app.Application that
8         calls FlutterMain.startInitialization(this); in its onCreate method.
9         In most cases you can leave this as-is, but you if you want to provide
10         additional functionality it is fine to subclass or reimplement
11         FlutterApplication and put your custom class here.
12    -->
13    <uses-sdk
13-->src\main\AndroidManifest.xml:8:5-43
14        android:minSdkVersion="24"
14-->src\main\AndroidManifest.xml:8:15-41
15        android:targetSdkVersion="28" />
16    <!--
17         Flutter needs it to communicate with the running application
18         to allow setting breakpoints, to provide hot reload, etc.
19    -->
20    <uses-permission android:name="android.permission.INTERNET" />
20-->src\main\AndroidManifest.xml:10:5-66
20-->src\main\AndroidManifest.xml:10:22-64
21    <uses-permission android:name="android.permission.CAMERA" />
21-->src\main\AndroidManifest.xml:9:5-64
21-->src\main\AndroidManifest.xml:9:22-62
22
23    <uses-feature android:name="android.hardware.camera.ar" /> <!-- Sceneform requires OpenGL ES 3.0 or later. -->
23-->src\main\AndroidManifest.xml:11:5-62
23-->src\main\AndroidManifest.xml:11:19-60
24    <uses-feature
24-->[:arcore_flutter_plugin] AndroidManifest.xml:16:5-18:35
25        android:glEsVersion="0x00030000"
25-->[:arcore_flutter_plugin] AndroidManifest.xml:17:9-41
26        android:required="true" />
26-->[:arcore_flutter_plugin] AndroidManifest.xml:18:9-32
27
28    <application
28-->src\main\AndroidManifest.xml:12:5-34:19
29        android:name="io.flutter.app.FlutterApplication"
29-->src\main\AndroidManifest.xml:13:9-57
30        android:appComponentFactory="androidx.core.app.CoreComponentFactory"
30-->[androidx.core:core:1.0.1] AndroidManifest.xml:22:18-86
31        android:debuggable="true"
32        android:icon="@mipmap/ic_launcher"
32-->src\main\AndroidManifest.xml:15:9-43
33        android:label="insight3" >
33-->src\main\AndroidManifest.xml:14:9-33
34        <activity
34-->src\main\AndroidManifest.xml:16:9-27:20
35            android:name="com.example.insight3.MainActivity"
35-->src\main\AndroidManifest.xml:17:13-41
36            android:configChanges="orientation|keyboardHidden|keyboard|screenSize|smallestScreenSize|locale|layoutDirection|fontScale|screenLayout|density|uiMode"
36-->src\main\AndroidManifest.xml:20:13-163
37            android:hardwareAccelerated="true"
37-->src\main\AndroidManifest.xml:21:13-47
38            android:launchMode="singleTop"
38-->src\main\AndroidManifest.xml:18:13-43
39            android:theme="@style/LaunchTheme"
39-->src\main\AndroidManifest.xml:19:13-47
40            android:windowSoftInputMode="adjustResize" >
40-->src\main\AndroidManifest.xml:22:13-55
41            <intent-filter>
41-->src\main\AndroidManifest.xml:23:13-26:29
42                <action android:name="android.intent.action.MAIN" />
42-->src\main\AndroidManifest.xml:24:17-68
42-->src\main\AndroidManifest.xml:24:25-66
43
44                <category android:name="android.intent.category.LAUNCHER" />
44-->src\main\AndroidManifest.xml:25:17-76
44-->src\main\AndroidManifest.xml:25:27-74
45            </intent-filter>
46        </activity>
47        <!--
48             Don't delete the meta-data below.
49             This is used by the Flutter tool to generate GeneratedPluginRegistrant.java
50        -->
51        <meta-data
51-->src\main\AndroidManifest.xml:30:9-32:33
52            android:name="flutterEmbedding"
52-->src\main\AndroidManifest.xml:31:13-44
53            android:value="2" />
53-->src\main\AndroidManifest.xml:32:13-30
54        <meta-data
54-->src\main\AndroidManifest.xml:33:9-81
55            android:name="com.google.ar.core"
55-->src\main\AndroidManifest.xml:33:20-53
56            android:value="required" />
56-->src\main\AndroidManifest.xml:33:54-78
57
58        <activity android:name="com.apptreesoftware.barcodescan.BarcodeScannerActivity" /> <!-- The minimal version code of ARCore APK required for an app using this SDK. -->
58-->[:barcode_scan] AndroidManifest.xml:14:9-91
58-->[:barcode_scan] AndroidManifest.xml:14:19-88
59        <meta-data
59-->[com.google.ar:core:1.14.0] AndroidManifest.xml:33:9-35:41
60            android:name="com.google.ar.core.min_apk_version"
60-->[com.google.ar:core:1.14.0] AndroidManifest.xml:34:13-62
61            android:value="191106000" /> <!-- This activity is critical for installing ARCore when it is not already present. -->
61-->[com.google.ar:core:1.14.0] AndroidManifest.xml:35:13-38
62        <activity
62-->[com.google.ar:core:1.14.0] AndroidManifest.xml:37:9-43:80
63            android:name="com.google.ar.core.InstallActivity"
63-->[com.google.ar:core:1.14.0] AndroidManifest.xml:38:13-62
64            android:configChanges="keyboardHidden|orientation|screenSize"
64-->[com.google.ar:core:1.14.0] AndroidManifest.xml:39:13-74
65            android:excludeFromRecents="true"
65-->[com.google.ar:core:1.14.0] AndroidManifest.xml:40:13-46
66            android:exported="false"
66-->[com.google.ar:core:1.14.0] AndroidManifest.xml:41:13-37
67            android:launchMode="singleTop"
67-->[com.google.ar:core:1.14.0] AndroidManifest.xml:42:13-43
68            android:theme="@android:style/Theme.Material.Light.Dialog.Alert" />
68-->[com.google.ar:core:1.14.0] AndroidManifest.xml:43:13-77
69    </application>
70
71</manifest>